This is pdfTeX, Version 3.1415926-1.40.8-alpha-20080323 (MiKTeX 2.7) (preloaded format=pdflatex 2008.6.18)  2 JAN 2009 17:20
entering extended mode
**users-guide.tex
(users-guide.tex
LaTeX2e <2005/12/01>
Babel <v3.8j> and hyphenation patterns for english, dumylang, nohyphenation, ge
rman, ngerman, french, loaded.

("E:\Program Files\MiKTeX 2.7\tex\latex\base\latex209.def"
File: latex209.def 1998/05/13 v0.52 Standard LaTeX file

          Entering LaTeX 2.09 COMPATIBILITY MODE
 *************************************************************
    !!WARNING!!    !!WARNING!!    !!WARNING!!    !!WARNING!!   
 
 This mode attempts to provide an emulation of the LaTeX 2.09
 author environment so that OLD documents can be successfully
 processed. It should NOT be used for NEW documents!
 
 New documents should use Standard LaTeX conventions and start
 with the \documentclass command.
 
 Compatibility mode is UNLIKELY TO WORK with LaTeX 2.09 style
 files that change any internal macros, especially not with
 those that change the FONT SELECTION or OUTPUT ROUTINES.
 
 Therefore such style files MUST BE UPDATED to use
          Current Standard LaTeX: LaTeX2e.
 If you suspect that you may be using such a style file, which
 is probably very, very old by now, then you should attempt to
 get it updated by sending a copy of this error message to the
 author of that file.
 *************************************************************

\footheight=\dimen102
\@maxsep=\dimen103
\@dblmaxsep=\dimen104
\@cla=\count79
\@clb=\count80
\mscount=\count81
("E:\Program Files\MiKTeX 2.7\tex\latex\base\tracefnt.sty"
Package: tracefnt 1997/05/29 v3.0j Standard LaTeX package (font tracing)
\tracingfonts=\count82
LaTeX Info: Redefining \selectfont on input line 101.
)
\symbold=\mathgroup4
\symsans=\mathgroup5
\symtypewriter=\mathgroup6
\symitalic=\mathgroup7
\symsmallcaps=\mathgroup8
\symslanted=\mathgroup9
LaTeX Font Info:    Redeclaring math alphabet \mathbf on input line 293.
LaTeX Font Info:    Redeclaring math alphabet \mathsf on input line 294.
LaTeX Font Info:    Redeclaring math alphabet \mathtt on input line 295.
LaTeX Font Info:    Redeclaring math alphabet \mathit on input line 301.
LaTeX Info: Redefining \em on input line 311.
("E:\Program Files\MiKTeX 2.7\tex\latex\base\latexsym.sty"
Package: latexsym 1998/08/17 v2.2e Standard LaTeX package (lasy symbols)
\symlasy=\mathgroup10
LaTeX Font Info:    Overwriting symbol font `lasy' in version `bold'
(Font)                  U/lasy/m/n --> U/lasy/b/n on input line 47.
)
LaTeX Font Info:    Redeclaring math delimiter \lgroup on input line 375.
LaTeX Font Info:    Redeclaring math delimiter \rgroup on input line 377.
LaTeX Font Info:    Redeclaring math delimiter \bracevert on input line 379.
) ("E:\Program Files\MiKTeX 2.7\tex\latex\base\article.cls"
Document Class: article 2005/09/16 v1.4f Standard LaTeX document class
("E:\Program Files\MiKTeX 2.7\tex\latex\base\size11.clo"
File: size11.clo 2005/09/16 v1.4f Standard LaTeX file (size option)
)
\c@part=\count83
\c@section=\count84
\c@subsection=\count85
\c@subsubsection=\count86
\c@paragraph=\count87
\c@subparagraph=\count88
\c@figure=\count89
\c@table=\count90
\abovecaptionskip=\skip41
\belowcaptionskip=\skip42
Compatibility mode: definition of \rm ignored.
Compatibility mode: definition of \sf ignored.
Compatibility mode: definition of \tt ignored.
Compatibility mode: definition of \bf ignored.
Compatibility mode: definition of \it ignored.
Compatibility mode: definition of \sl ignored.
Compatibility mode: definition of \sc ignored.
LaTeX Info: Redefining \cal on input line 506.
LaTeX Info: Redefining \mit on input line 507.
\bibindent=\dimen105
) (alltt.sty)
\@indexfile=\write3
Writing index file users-guide.idx
(users-guide.aux)
LaTeX Font Info:    Checking defaults for OML/cmm/m/it on input line 33.
LaTeX Font Info:    ... okay on input line 33.
LaTeX Font Info:    Checking defaults for T1/cmr/m/n on input line 33.
LaTeX Font Info:    ... okay on input line 33.
LaTeX Font Info:    Checking defaults for OT1/cmr/m/n on input line 33.
LaTeX Font Info:    ... okay on input line 33.
LaTeX Font Info:    Checking defaults for OMS/cmsy/m/n on input line 33.
LaTeX Font Info:    ... okay on input line 33.
LaTeX Font Info:    Checking defaults for OMX/cmex/m/n on input line 33.
LaTeX Font Info:    ... okay on input line 33.
LaTeX Font Info:    Checking defaults for U/cmr/m/n on input line 33.
LaTeX Font Info:    ... okay on input line 33.

Underfull \hbox (badness 10000) in paragraph at lines 37--38

 []

[0

{C:/Documents and Settings/All Users/Application Data/MiKTeX/2.7/pdftex/config/
pdftex.map}] (users-guide.toc
LaTeX Font Info:    External font `cmex10' loaded for size
(Font)              <10.95> on input line 2.
LaTeX Font Info:    External font `cmex10' loaded for size
(Font)              <8> on input line 2.
LaTeX Font Info:    External font `cmex10' loaded for size
(Font)              <6> on input line 2.
LaTeX Font Info:    Try loading font information for U+lasy on input line 2.
("E:\Program Files\MiKTeX 2.7\tex\latex\base\ulasy.fd"
File: ulasy.fd 1998/08/17 v2.2e LaTeX symbol font definitions
) [1])
\tf@toc=\write4
[2] [1]
LaTeX Font Info:    Try loading font information for OMS+cmr on input line 179.

("E:\Program Files\MiKTeX 2.7\tex\latex\base\omscmr.fd"
File: omscmr.fd 1999/05/25 v2.5h Standard LaTeX font definitions
)
LaTeX Font Info:    Font shape `OMS/cmr/m/n' in size <10.95> not available
(Font)              Font shape `OMS/cmsy/m/n' tried instead on input line 179.
[2]
LaTeX Font Info:    Try loading font information for OMS+cmtt on input line 241
.
LaTeX Font Info:    No file OMScmtt.fd. on input line 241.
LaTeX Font Warning: Font shape `OMS/cmtt/m/n' undefined
(Font)              using `OMS/cmsy/m/n' instead
(Font)              for symbol `textbullet' on input line 241.

Underfull \hbox (badness 10000) in paragraph at lines 243--246
[]\OT1/cmtt/m/n/10 Calculate the \OT1/cmr/m/it/10 EMaps \OT1/cmtt/m/n/10 and \O
T1/cmr/m/it/10 No-Good \OT1/cmtt/m/n/10 sets for each match hypothesis by upwar
d
 []


Underfull \hbox (badness 10000) in paragraph at lines 243--246
\OT1/cmtt/m/n/10 propagation from entity mappings (generate-justifications and
 []


Underfull \hbox (badness 10000) in paragraph at lines 246--248
[]\OT1/cmtt/m/n/10 During the propagation, delete any match hypotheses that hav
e justification holes
 []

[3] [4] [5] [6] [7]
LaTeX Font Info:    External font `cmex10' loaded for size
(Font)              <9> on input line 445.
LaTeX Font Info:    External font `cmex10' loaded for size
(Font)              <5> on input line 445.
[8] [9] [10] [11]
Overfull \hbox (1.6374pt too wide) in paragraph at lines 715--715
[]                     \OT1/cmtt/m/n/10.95 ((greater (diameter beaker) (diamete
r vial)) :name >diameter)[] 
 []

[12] [13] [14]
Overfull \hbox (2.74089pt too wide) in paragraph at lines 917--917
[]                                           \OT1/cmtt/m/n/10 (not (commutative
? (expression-functor ?b1)))))[] 
 []

[15] [16]
LaTeX Font Info:    External font `cmex10' loaded for size
(Font)              <7> on input line 1048.
[17] [18]
Overfull \hbox (7.99084pt too wide) in paragraph at lines 1213--1213
[]                                    \OT1/cmtt/m/n/10 (not (paired-item? :base
-item (expression-functor ?b)))[] 
 []


Overfull \hbox (28.99066pt too wide) in paragraph at lines 1213--1213
[]                                    \OT1/cmtt/m/n/10 (not (paired-item? :targ
et-item (expression-functor ?t)))))[] 
 []

[19] [20] [21] [22] [23] [24] [25] [26] [27]
Overfull \hbox (2.75626pt too wide) in paragraph at lines 1872--1878
\OT1/cmr/m/n/10.95 ex-am-in-ing the form of an ex-pres-sion. Typ-i-cally, the e
x-pres-sion \OT1/cmtt/m/n/10.95 (greater-than (diameter beaker)
 []

[28] [29]
Overfull \hbox (6.55557pt too wide) in paragraph at lines 1973--1984
[]\OT1/cmr/m/n/10.95 The func-tion \OT1/cmtt/m/n/10.95 match \OT1/cmr/m/n/10.95
 is pri-mar-ily a se-quence of calls to these func-tions. \OT1/cmtt/m/n/10.95 c
reate-match-hypotheses
 []

[30] [31] [32] [33] [34] [35

]
Overfull \hbox (0.9224pt too wide) in paragraph at lines 2442--2443
[]\OT1/cmtt/m/n/10.95 select-windowing-configuration \OT1/cmr/m/n/10.95 func-ti
on, 25 
 []

[36] [37

] (users-guide.aux)
LaTeX Font Warning: Some font shapes were not available, defaults substituted.
 ) 
Here is how much of TeX's memory you used:
 515 strings out of 95337
 5695 string characters out of 1184062
 55315 words of memory out of 1500000
 3722 multiletter control sequences out of 110000
 22305 words of font info for 81 fonts, out of 1200000 for 2000
 14 hyphenation exceptions out of 8191
 23i,6n,20p,303b,285s stack positions out of 5000i,500n,10000p,200000b,5000s
<E:/Program Files/MiKTeX 2.7/fonts/type1/bluesky/cm/cmbx10.pfb><E:/Program Fi
les/MiKTeX 2.7/fonts/type1/bluesky/cm/cmbx12.pfb><E:/Program Files/MiKTeX 2.7/f
onts/type1/bluesky/cm/cmbx9.pfb><E:/Program Files/MiKTeX 2.7/fonts/type1/bluesk
y/cm/cmmi10.pfb><E:/Program Files/MiKTeX 2.7/fonts/type1/bluesky/cm/cmmi8.pfb><
E:/Program Files/MiKTeX 2.7/fonts/type1/bluesky/cm/cmmi9.pfb><E:/Program Files/
MiKTeX 2.7/fonts/type1/bluesky/cm/cmr10.pfb><E:/Program Files/MiKTeX 2.7/fonts/
type1/bluesky/cm/cmr12.pfb><E:/Program Files/MiKTeX 2.7/fonts/type1/bluesky/cm/
cmr17.pfb><E:/Program Files/MiKTeX 2.7/fonts/type1/bluesky/cm/cmr6.pfb><E:/Prog
ram Files/MiKTeX 2.7/fonts/type1/bluesky/cm/cmr8.pfb><E:/Program Files/MiKTeX 2
.7/fonts/type1/bluesky/cm/cmr9.pfb><E:/Program Files/MiKTeX 2.7/fonts/type1/blu
esky/cm/cmsl10.pfb><E:/Program Files/MiKTeX 2.7/fonts/type1/bluesky/cm/cmsy10.p
fb><E:/Program Files/MiKTeX 2.7/fonts/type1/bluesky/cm/cmsy8.pfb><E:/Program Fi
les/MiKTeX 2.7/fonts/type1/bluesky/cm/cmti10.pfb><E:/Program Files/MiKTeX 2.7/f
onts/type1/bluesky/cm/cmti8.pfb><E:/Program Files/MiKTeX 2.7/fonts/type1/bluesk
y/cm/cmti9.pfb><E:/Program Files/MiKTeX 2.7/fonts/type1/bluesky/cm/cmtt10.pfb><
E:/Program Files/MiKTeX 2.7/fonts/type1/bluesky/cm/cmtt9.pfb>
Output written on users-guide.pdf (40 pages, 264103 bytes).
PDF statistics:
 212 PDF objects out of 1000 (max. 8388607)
 0 named destinations out of 1000 (max. 131072)
 1 words of extra memory for PDF output out of 10000 (max. 10000000)

